<?xml version="1.0" encoding="UTF-8"?>
<!-- Generated by org.testng.reporters.JUnitReportReporter -->
<testsuite hostname="LAPTOP-H29TJ6C2" failures="0" tests="10" name="Com.test.InvocationCountTest" time="0.021" errors="0" timestamp="2021-06-08T23:30:29 IST" skipped="0">
  <testcase classname="Com.test.InvocationCountTest" name="sum" time="0.001"/>
  <system-out/>
  <testcase classname="Com.test.InvocationCountTest" name="sum" time="0.001"/>
  <system-out/>
  <testcase classname="Com.test.InvocationCountTest" name="sum" time="0.013"/>
  <system-out/>
  <testcase classname="Com.test.InvocationCountTest" name="sum" time="0.001"/>
  <system-out/>
  <testcase classname="Com.test.InvocationCountTest" name="sum" time="0.001"/>
  <system-out/>
  <testcase classname="Com.test.InvocationCountTest" name="sum" time="0.001"/>
  <system-out/>
  <testcase classname="Com.test.InvocationCountTest" name="sum" time="0.001"/>
  <system-out/>
  <testcase classname="Com.test.InvocationCountTest" name="sum" time="0.001"/>
  <system-out/>
  <testcase classname="Com.test.InvocationCountTest" name="sum" time="0.000"/>
  <system-out/>
  <testcase classname="Com.test.InvocationCountTest" name="sum" time="0.001"/>
  <system-out/>
</testsuite> <!-- Com.test.InvocationCountTest -->
