<?xml version="1.0" encoding="UTF-8"?>
<!-- Generated by org.testng.reporters.JUnitReportReporter -->
<testsuite hostname="LAPTOP-H29TJ6C2" failures="0" tests="2" name="Com.test.TestNGPractice" time="0.005" errors="0" timestamp="2021-06-07T23:57:41 IST" skipped="0">
  <testcase classname="Com.test.TestNGPractice" name="TestStep1" time="0.000"/>
  <system-out/>
  <testcase classname="Com.test.TestNGPractice" name="TestStep" time="0.005"/>
  <system-out/>
</testsuite> <!-- Com.test.TestNGPractice -->
