<?xml version="1.0" encoding="UTF-8"?>
<!-- Generated by org.testng.reporters.JUnitReportReporter -->
<testsuite hostname="LAPTOP-H29TJ6C2" failures="0" tests="1" name="Com.test.ExceptionTimeoutTest" time="0.006" errors="0" timestamp="2021-06-09T21:49:07 IST" skipped="0">
  <testcase classname="Com.test.ExceptionTimeoutTest" name="test1" time="0.006"/>
  <system-out/>
</testsuite> <!-- Com.test.ExceptionTimeoutTest -->
